<?xml version="1.0" encoding="UTF-8"?>
<!-- Generated by org.testng.reporters.JUnitXMLReporter -->
<testsuite ignored="1" hostname="LAPTOP-J2H72JVH" failures="0" tests="1" name="Default test" time="8.198" errors="0" timestamp="2024-08-06T22:50:52 IST">
  <testcase classname="MiniProjectFrame.ClickingOnDynamicElement" name="launchURL" time="4.615"/>
  <testcase classname="MiniProjectFrame.ClickingOnDynamicElement" name="testme" time="0.0">
    <ignored/>
  </testcase> <!-- testme -->
</testsuite> <!-- Default test -->
