<?xml version="1.0" encoding="UTF-8"?>
<testng-results ignored="0" total="1" passed="1" failed="0" skipped="0">
  <reporter-output>
  </reporter-output>
  <suite started-at="2024-08-06T22:50:44 IST" name="Default suite" finished-at="2024-08-06T22:50:52 IST" duration-ms="8198">
    <groups>
    </groups>
    <test started-at="2024-08-06T22:50:44 IST" name="Default test" finished-at="2024-08-06T22:50:52 IST" duration-ms="8198">
      <class name="MiniProjectFrame.ClickingOnDynamicElement">
        <test-method is-config="true" signature="setUp()[pri:0, instance:MiniProjectFrame.ClickingOnDynamicElement@5b218417]" started-at="2024-08-06T22:50:44 IST" name="setUp" finished-at="2024-08-06T22:50:48 IST" duration-ms="3491" status="PASS">
          <reporter-output>
          </reporter-output>
        </test-method> <!-- setUp -->
        <test-method signature="launchURL()[pri:0, instance:MiniProjectFrame.ClickingOnDynamicElement@5b218417]" started-at="2024-08-06T22:50:48 IST" name="launchURL" finished-at="2024-08-06T22:50:52 IST" duration-ms="4615" status="PASS">
          <reporter-output>
          </reporter-output>
        </test-method> <!-- launchURL -->
      </class> <!-- MiniProjectFrame.ClickingOnDynamicElement -->
    </test> <!-- Default test -->
  </suite> <!-- Default suite -->
</testng-results>
